#
# A fatal error has been detected by the Java Runtime Environment:
#
#  EXCEPTION_ACCESS_VIOLATION (0xc0000005) at pc=0x0000018c1baee730, pid=3404, tid=20408
#
# JRE version: Java(TM) SE Runtime Environment (15.0+36) (build 15+36-1562)
# Java VM: Java HotSpot(TM) 64-Bit Server VM (15+36-1562, mixed mode, sharing, tiered, compressed oops, g1 gc, windows-amd64)
# Problematic frame:
# v  ~StubRoutines::jlong_disjoint_arraycopy
#
# No core dump will be written. Minidumps are not enabled by default on client versions of Windows
#
# If you would like to submit a bug report, please visit:
#   https://bugreport.java.com/bugreport/crash.jsp
#

---------------  S U M M A R Y ------------

Command Line: -javaagent:C:\Program Files\JetBrains\IntelliJ IDEA 2020.2.3\lib\idea_rt.jar=50679:C:\Program Files\JetBrains\IntelliJ IDEA 2020.2.3\bin -Dfile.encoding=UTF-8 com.fdeight.socketchat.Server.Server

Host: Intel(R) Core(TM) i5-10210U CPU @ 1.60GHz, 8 cores, 7G,  Windows 10 , 64 bit Build 19041 (10.0.19041.2364)
Time: Tue Jan 17 16:00:15 2023 ќмское стандартное врем€ elapsed time: 22.416890 seconds (0d 0h 0m 22s)

---------------  T H R E A D  ---------------

Current thread (0x0000018c3373bb80):  JavaThread "Thread-0" [_thread_in_vm, id=20408, stack(0x0000003eb1800000,0x0000003eb1900000)]

Stack: [0x0000003eb1800000,0x0000003eb1900000],  sp=0x0000003eb18fefe0,  free space=1019k
Native frames: (J=compiled Java code, j=interpreted, Vv=VM code, C=native code)
C  0x0000018c1baee730

Java frames: (J=compiled Java code, j=interpreted, Vv=VM code)
J 1243  jdk.internal.misc.Unsafe.copyMemory0(Ljava/lang/Object;JLjava/lang/Object;JJ)V java.base@15 (0 bytes) @ 0x0000018c236005a2 [0x0000018c23600520+0x0000000000000082]
J 1241 c1 jdk.internal.misc.Unsafe.copyMemory(Ljava/lang/Object;JLjava/lang/Object;JJ)V java.base@15 (33 bytes) @ 0x0000018c1c28ad9c [0x0000018c1c28a540+0x000000000000085c]
J 1359 c1 java.nio.DirectByteBuffer.get([BII)Ljava/nio/ByteBuffer; java.base@15 (156 bytes) @ 0x0000018c1c2c1cb4 [0x0000018c1c2c18e0+0x00000000000003d4]
J 1450 c1 com.fdeight.socketchat.Server.ServerSomething.takePic(Lcom/github/sarxos/webcam/Webcam;)[B (20 bytes) @ 0x0000018c1c2fbadc [0x0000018c1c2fb7e0+0x00000000000002fc]
j  com.fdeight.socketchat.Server.ServerSomething.run()V+97
v  ~StubRoutines::call_stub

siginfo: EXCEPTION_ACCESS_VIOLATION (0xc0000005), reading address 0x0000018c35d93000


Register to memory mapping:

RIP=0x0000018c1baee730 is at begin+272 in a stub
StubRoutines::jlong_disjoint_arraycopy [0x0000018c1baee620, 0x0000018c1baee7e7] (455 bytes)
RAX=0x0000018c35da4f40 points into unknown readable memory: 0x0000000000000000 | 00 00 00 00 00 00 00 00
RBX=0x0000018c3373bb80 is a thread
RCX=0x0000000089212908 is pointing into object: [B 
{0x0000000089200000} - klass: {type array byte}
 - length: 76032
RDX=0xffffffffffffdc20 is an unknown value
RSP=0x0000003eb18fefe0 is pointing into the stack for thread: 0x0000018c3373bb80
RBP=0x0000003eb18fefe0 is pointing into the stack for thread: 0x0000018c3373bb80
RSI=0x0000000089200010 is pointing into object: [B 
{0x0000000089200000} - klass: {type array byte}
 - length: 76032
RDI=0x0000018c35da4f38 points into unknown readable memory: 0x32221031200f3b1e | 1e 3b 0f 20 31 10 22 32
R8 =0x0000000000002520 is an unknown value
R9 =0x0000018c3373bb80 is a thread
R10=0x00007ffbd5302900 jvm.dll
R11=0x0000000000000187 is an unknown value
R12=0x0 is NULL
R13=0x000000008ae09bb8 is an oop: java.util.concurrent.SynchronousQueue$TransferQueue$QNode 
{0x000000008ae09bb8} - klass: 'java/util/concurrent/SynchronousQueue$TransferQueue$QNode'
R14=0x0 is NULL
R15=0x0000018c3373bb80 is a thread


Registers:
RAX=0x0000018c35da4f40, RBX=0x0000018c3373bb80, RCX=0x0000000089212908, RDX=0xffffffffffffdc20
RSP=0x0000003eb18fefe0, RBP=0x0000003eb18fefe0, RSI=0x0000000089200010, RDI=0x0000018c35da4f38
R8 =0x0000000000002520, R9 =0x0000018c3373bb80, R10=0x00007ffbd5302900, R11=0x0000000000000187
R12=0x0000000000000000, R13=0x000000008ae09bb8, R14=0x0000000000000000, R15=0x0000018c3373bb80
RIP=0x0000018c1baee730, EFLAGS=0x0000000000010292

Top of Stack: (sp=0x0000003eb18fefe0)
0x0000003eb18fefe0:   0000018c35d92640 00007ffbd5302a0a
0x0000003eb18feff0:   0000003eb18ff3a0 00007ffbd4f8beb4
0x0000003eb18ff000:   0000000089cfae40 0000000089cfaea8
0x0000003eb18ff010:   0000000083592f48 0000018c23600642
0x0000003eb18ff020:   0000018c323e3998 0000003eb18ff090
0x0000003eb18ff030:   0000000000000010 0000000089200000
0x0000003eb18ff040:   0000003eb18ff070 0000000000000010
0x0000003eb18ff050:   0000000000012900 00000000835a4030
0x0000003eb18ff060:   0000000000000000 0000018c1c2e3c8c
0x0000003eb18ff070:   0000000089200000 0000018c1c2ae9f4
0x0000003eb18ff080:   0000000089cfaec0 0000018c323de7d3
0x0000003eb18ff090:   0000003eb18ff3a0 0000018c1c28ad9c
0x0000003eb18ff0a0:   0000018c32617410 00000000837f6d78
0x0000003eb18ff0b0:   000000008350b6b8 000000008350b690
0x0000003eb18ff0c0:   0000000000000006 000000008350b6d0
0x0000003eb18ff0d0:   000000008350b6b8 0000000089cfaee0 

Instructions: (pc=0x0000018c1baee730)
0x0000018c1baee630:   41 52 41 53 48 83 ec 20 f7 c4 0f 00 00 00 0f 84
0x0000018c1baee640:   1a 00 00 00 48 83 ec 08 49 ba 30 b2 ba d4 fb 7f
0x0000018c1baee650:   00 00 41 ff d2 48 83 c4 08 e9 0d 00 00 00 49 ba
0x0000018c1baee660:   30 b2 ba d4 fb 7f 00 00 41 ff d2 48 83 c4 20 41
0x0000018c1baee670:   5b 41 5a 41 59 41 58 59 5a 5e 5f 4c 8b f8 58 49
0x0000018c1baee680:   89 bf a0 04 00 00 49 89 b7 98 04 00 00 48 8b f9
0x0000018c1baee690:   48 8b f2 49 8b d0 48 8d 7c d7 f8 48 8d 4c d6 f8
0x0000018c1baee6a0:   48 f7 da e9 a0 00 00 00 48 8b 44 d7 08 48 89 44
0x0000018c1baee6b0:   d1 08 48 ff c2 75 f1 50 57 56 52 51 41 50 41 51
0x0000018c1baee6c0:   41 52 41 53 48 83 ec 20 f7 c4 0f 00 00 00 0f 84
0x0000018c1baee6d0:   1a 00 00 00 48 83 ec 08 49 ba 30 b2 ba d4 fb 7f
0x0000018c1baee6e0:   00 00 41 ff d2 48 83 c4 08 e9 0d 00 00 00 49 ba
0x0000018c1baee6f0:   30 b2 ba d4 fb 7f 00 00 41 ff d2 48 83 c4 20 41
0x0000018c1baee700:   5b 41 5a 41 59 41 58 59 5a 5e 5f 4c 8b f8 58 49
0x0000018c1baee710:   8b b7 98 04 00 00 49 8b bf a0 04 00 00 4d 8b f9
0x0000018c1baee720:   48 33 c0 c5 f8 77 c9 c3 0f 1f 84 00 00 00 00 00
0x0000018c1baee730:   c5 fe 6f 44 d7 c8 c5 fe 7f 44 d1 c8 c5 fe 6f 4c
0x0000018c1baee740:   d7 e8 c5 fe 7f 4c d1 e8 48 83 c2 08 7e e2 48 83
0x0000018c1baee750:   ea 04 7f 10 c5 fe 6f 44 d7 e8 c5 fe 7f 44 d1 e8
0x0000018c1baee760:   48 83 c2 04 c5 fd ef c0 c5 f5 ef c9 48 83 ea 04
0x0000018c1baee770:   0f 8c 32 ff ff ff 50 57 56 52 51 41 50 41 51 41
0x0000018c1baee780:   52 41 53 48 83 ec 20 f7 c4 0f 00 00 00 0f 84 1a
0x0000018c1baee790:   00 00 00 48 83 ec 08 49 ba 30 b2 ba d4 fb 7f 00
0x0000018c1baee7a0:   00 41 ff d2 48 83 c4 08 e9 0d 00 00 00 49 ba 30
0x0000018c1baee7b0:   b2 ba d4 fb 7f 00 00 41 ff d2 48 83 c4 20 41 5b
0x0000018c1baee7c0:   41 5a 41 59 41 58 59 5a 5e 5f 4c 8b f8 58 49 8b
0x0000018c1baee7d0:   b7 98 04 00 00 49 8b bf a0 04 00 00 4d 8b f9 c5
0x0000018c1baee7e0:   f8 77 48 33 c0 c9 c3 66 66 66 0f 1f 84 00 00 00
0x0000018c1baee7f0:   00 00 66 66 66 90 66 66 0f 1f 84 00 00 00 00 00
0x0000018c1baee800:   55 48 8b ec 48 3b d1 4a 8d 04 c1 0f 86 13 fe ff
0x0000018c1baee810:   ff 48 3b d0 0f 83 0a fe ff ff 4d 8b cf 50 57 56
0x0000018c1baee820:   52 51 41 50 41 51 41 52 41 53 48 83 ec 20 f7 c4 


Stack slot to memory mapping:
stack at sp + 0 slots: 0x0000018c35d92640 points into unknown readable memory: 0x0000018c35d59d00 | 00 9d d5 35 8c 01 00 00
stack at sp + 1 slots: 0x00007ffbd5302a0a jvm.dll
stack at sp + 2 slots: 0x0000003eb18ff3a0 is pointing into the stack for thread: 0x0000018c3373bb80
stack at sp + 3 slots: 0x00007ffbd4f8beb4 jvm.dll
stack at sp + 4 slots: 0x0000000089cfae40 is an oop: java.lang.String 
{0x0000000089cfae40} - klass: 'java/lang/String'
stack at sp + 5 slots: 0x0000000089cfaea8 is an oop: java.util.concurrent.ConcurrentLinkedDeque$Node 
{0x0000000089cfaea8} - klass: 'java/util/concurrent/ConcurrentLinkedDeque$Node'
stack at sp + 6 slots: 0x0000000083592f48 is an oop: com.fdeight.socketchat.Server.ServerSomething 
{0x0000000083592f48} - klass: 'com/fdeight/socketchat/Server/ServerSomething'
stack at sp + 7 slots: 0x0000018c23600642 is at entry_point+290 in (nmethod*)0x0000018c23600390

StubRoutines::jlong_disjoint_arraycopy [0x0000018c1baee620, 0x0000018c1baee7e7] (455 bytes)
[MachCode]
  0x0000018c1baee620: 5548 8bec | 4d8b cf50 | 5756 5251 | 4150 4151 | 4152 4153 | 4883 ec20 | f7c4 0f00 | 0000 0f84 
  0x0000018c1baee640: 1a00 0000 | 4883 ec08 | 49ba 30b2 | bad4 fb7f | 0000 41ff | d248 83c4 | 08e9 0d00 | 0000 49ba 
  0x0000018c1baee660: 30b2 bad4 | fb7f 0000 | 41ff d248 | 83c4 2041 | 5b41 5a41 | 5941 5859 | 5a5e 5f4c | 8bf8 5849 
  0x0000018c1baee680: 89bf a004 | 0000 4989 | b798 0400 | 0048 8bf9 | 488b f249 | 8bd0 488d | 7cd7 f848 | 8d4c d6f8 
  0x0000018c1baee6a0: 48f7 dae9 | a000 0000 | 488b 44d7 | 0848 8944 | d108 48ff | c275 f150 | 5756 5251 | 4150 4151 
  0x0000018c1baee6c0: 4152 4153 | 4883 ec20 | f7c4 0f00 | 0000 0f84 | 1a00 0000 | 4883 ec08 | 49ba 30b2 | bad4 fb7f 
  0x0000018c1baee6e0: 0000 41ff | d248 83c4 | 08e9 0d00 | 0000 49ba | 30b2 bad4 | fb7f 0000 | 41ff d248 | 83c4 2041 
  0x0000018c1baee700: 5b41 5a41 | 5941 5859 | 5a5e 5f4c | 8bf8 5849 | 8bb7 9804 | 0000 498b | bfa0 0400 | 004d 8bf9 
  0x0000018c1baee720: 4833 c0c5 | f877 c9c3 | 0f1f 8400 | 0000 0000 | c5fe 6f44 | d7c8 c5fe | 7f44 d1c8 | c5fe 6f4c 
  0x0000018c1baee740: d7e8 c5fe | 7f4c d1e8 | 4883 c208 | 7ee2 4883 | ea04 7f10 | c5fe 6f44 | d7e8 c5fe | 7f44 d1e8 
  0x0000018c1baee760: 4883 c204 | c5fd efc0 | c5f5 efc9 | 4883 ea04 | 0f8c 32ff | ffff 5057 | 5652 5141 | 5041 5141 
  0x0000018c1baee780: 5241 5348 | 83ec 20f7 | c40f 0000 | 000f 841a | 0000 0048 | 83ec 0849 | ba30 b2ba | d4fb 7f00 
  0x0000018c1baee7a0: 0041 ffd2 | 4883 c408 | e90d 0000 | 0049 ba30 | b2ba d4fb | 7f00 0041 | ffd2 4883 | c420 415b 
  0x0000018c1baee7c0: 415a 4159 | 4158 595a | 5e5f 4c8b | f858 498b | b798 0400 | 0049 8bbf | a004 0000 | 4d8b f9c5 
  0x0000018c1baee7e0: f877 4833 | 
[/MachCode]

---------------  P R O C E S S  ---------------

Threads class SMR info:
_java_thread_list=0x0000018c3557b140, length=19, elements={
0x0000018c13893f80, 0x0000018c32260d50, 0x0000018c32261fc0, 0x0000018c3227aaf0,
0x0000018c3227d3c0, 0x0000018c3227ed80, 0x0000018c322802b0, 0x0000018c322830a0,
0x0000018c32287730, 0x0000018c322423a0, 0x0000018c3358ef80, 0x0000018c33438ce0,
0x0000018c3373bb80, 0x0000018c33b3a220, 0x0000018c3377e970, 0x0000018c3413bf30,
0x0000018c35391440, 0x0000018c33a9d7f0, 0x0000018c3473d460
}

Java Threads: ( => current thread )
  0x0000018c13893f80 JavaThread "main" [_thread_in_native, id=13232, stack(0x0000003eb0800000,0x0000003eb0900000)]
  0x0000018c32260d50 JavaThread "Reference Handler" daemon [_thread_blocked, id=7516, stack(0x0000003eb0f00000,0x0000003eb1000000)]
  0x0000018c32261fc0 JavaThread "Finalizer" daemon [_thread_blocked, id=16952, stack(0x0000003eb1000000,0x0000003eb1100000)]
  0x0000018c3227aaf0 JavaThread "Signal Dispatcher" daemon [_thread_blocked, id=1736, stack(0x0000003eb1100000,0x0000003eb1200000)]
  0x0000018c3227d3c0 JavaThread "Attach Listener" daemon [_thread_blocked, id=2808, stack(0x0000003eb1200000,0x0000003eb1300000)]
  0x0000018c3227ed80 JavaThread "Service Thread" daemon [_thread_blocked, id=13476, stack(0x0000003eb1300000,0x0000003eb1400000)]
  0x0000018c322802b0 JavaThread "C2 CompilerThread0" daemon [_thread_blocked, id=19212, stack(0x0000003eb1400000,0x0000003eb1500000)]
  0x0000018c322830a0 JavaThread "C1 CompilerThread0" daemon [_thread_blocked, id=2020, stack(0x0000003eb1500000,0x0000003eb1600000)]
  0x0000018c32287730 JavaThread "Sweeper thread" daemon [_thread_blocked, id=10812, stack(0x0000003eb1600000,0x0000003eb1700000)]
  0x0000018c322423a0 JavaThread "Common-Cleaner" daemon [_thread_blocked, id=14764, stack(0x0000003eb1700000,0x0000003eb1800000)]
  0x0000018c3358ef80 JavaThread "Monitor Ctrl-Break" daemon [_thread_in_native, id=16216, stack(0x0000003eb1900000,0x0000003eb1a00000)]
  0x0000018c33438ce0 JavaThread "Notification Thread" daemon [_thread_blocked, id=11912, stack(0x0000003eb1a00000,0x0000003eb1b00000)]
=>0x0000018c3373bb80 JavaThread "Thread-0" [_thread_in_vm, id=20408, stack(0x0000003eb1800000,0x0000003eb1900000)]
  0x0000018c33b3a220 JavaThread "atomic-processor-1" daemon [_thread_in_native, id=8016, stack(0x0000003eb1e00000,0x0000003eb1f00000)]
  0x0000018c3377e970 JavaThread "webcam-discovery-service" daemon [_thread_blocked, id=9932, stack(0x0000003eb1d00000,0x0000003eb1e00000)]
  0x0000018c3413bf30 JavaThread "webcam-lock-[USB2.0 HD UVC WebCam 0]" daemon [_thread_blocked, id=8040, stack(0x0000003eb2400000,0x0000003eb2500000)]
  0x0000018c35391440 JavaThread "frames-refresher-[0]" daemon [_thread_blocked, id=11896, stack(0x0000003eb2d00000,0x0000003eb2e00000)]
  0x0000018c33a9d7f0 JavaThread "SIGINT handler" daemon [_thread_blocked, id=12460, stack(0x0000003eb1c00000,0x0000003eb1d00000)]
  0x0000018c3473d460 JavaThread "shutdown-hook-1" [_thread_blocked, id=16512, stack(0x0000003eb2600000,0x0000003eb2700000)]

Other Threads:
  0x0000018c3225ee30 VMThread "VM Thread" [stack: 0x0000003eb0e00000,0x0000003eb0f00000] [id=564]
  0x0000018c33405e50 WatcherThread [stack: 0x0000003eb1b00000,0x0000003eb1c00000] [id=11056]
  0x0000018c138d2000 GCTaskThread "GC Thread#0" [stack: 0x0000003eb0900000,0x0000003eb0a00000] [id=312]
  0x0000018c336ecac0 GCTaskThread "GC Thread#1" [stack: 0x0000003eb1f00000,0x0000003eb2000000] [id=8064]
  0x0000018c336ee770 GCTaskThread "GC Thread#2" [stack: 0x0000003eb2000000,0x0000003eb2100000] [id=4804]
  0x0000018c336ecdf0 GCTaskThread "GC Thread#3" [stack: 0x0000003eb2100000,0x0000003eb2200000] [id=16160]
  0x0000018c138e2a10 ConcurrentGCThread "G1 Main Marker" [stack: 0x0000003eb0a00000,0x0000003eb0b00000] [id=18244]
  0x0000018c138e3ca0 ConcurrentGCThread "G1 Conc#0" [stack: 0x0000003eb0b00000,0x0000003eb0c00000] [id=3188]
  0x0000018c320d20b0 ConcurrentGCThread "G1 Refine#0" [stack: 0x0000003eb0c00000,0x0000003eb0d00000] [id=10408]
  0x0000018c344472d0 ConcurrentGCThread "G1 Refine#1" [stack: 0x0000003eb2200000,0x0000003eb2300000] [id=3320]
  0x0000018c3383db60 ConcurrentGCThread "G1 Refine#2" [stack: 0x0000003eb2300000,0x0000003eb2400000] [id=15308]
  0x0000018c320d2bb0 ConcurrentGCThread "G1 Young RemSet Sampling" [stack: 0x0000003eb0d00000,0x0000003eb0e00000] [id=9584]

Threads with active compile tasks:

VM state: not at safepoint (normal execution)

VM Mutex/Monitor currently owned by a thread: None

Heap address: 0x0000000083200000, size: 1998 MB, Compressed Oops mode: 32-bit
CDS archive(s) mapped at: [0x0000000800000000-0x0000000800b50000-0x0000000800b50000), size 11862016, SharedBaseAddress: 0x0000000800000000, ArchiveRelocationMode: 0.
Compressed class space mapped at: 0x0000000800b50000-0x0000000840b50000, size: 1073741824
Narrow klass base: 0x0000000800000000, Narrow klass shift: 3, Narrow klass range: 0x100000000

GC Precious Log:
 CPUs: 8 total, 8 available
 Memory: 7990M
 Large Page Support: Disabled
 NUMA Support: Disabled
 Compressed Oops: Enabled (32-bit)
 Heap Region Size: 1M
 Heap Min Capacity: 8M
 Heap Initial Capacity: 126M
 Heap Max Capacity: 1998M
 Pre-touch: Disabled
 Parallel Workers: 8
 Concurrent Workers: 2
 Concurrent Refinement Workers: 8
 Periodic GC: Disabled

Heap:
 garbage-first heap   total 129024K, used 35016K [0x0000000083200000, 0x0000000100000000)
  region size 1024K, 30 young (30720K), 1 survivors (1024K)
 Metaspace       used 5464K, capacity 6146K, committed 6272K, reserved 1056768K
  class space    used 518K, capacity 596K, committed 640K, reserved 1048576K

Heap Regions: E=young(eden), S=young(survivor), O=old, HS=humongous(starts), HC=humongous(continues), CS=collection set, F=free, OA=open archive, CA=closed archive, TAMS=top-at-mark-start (previous, next)
|   0|0x0000000083200000, 0x0000000083300000, 0x0000000083300000|100%| O|  |TAMS 0x0000000083200000, 0x0000000083200000| Untracked 
|   1|0x0000000083300000, 0x0000000083400000, 0x0000000083400000|100%| O|  |TAMS 0x0000000083300000, 0x0000000083300000| Untracked 
|   2|0x0000000083400000, 0x0000000083500000, 0x0000000083500000|100%| O|  |TAMS 0x0000000083400000, 0x0000000083400000| Untracked 
|   3|0x0000000083500000, 0x0000000083600000, 0x0000000083600000|100%| O|  |TAMS 0x0000000083500000, 0x0000000083500000| Untracked 
|   4|0x0000000083600000, 0x0000000083700000, 0x0000000083700000|100%| O|  |TAMS 0x0000000083600000, 0x0000000083600000| Untracked 
|   5|0x0000000083700000, 0x0000000083800000, 0x0000000083800000|100%| O|  |TAMS 0x0000000083700000, 0x0000000083700000| Untracked 
|   6|0x0000000083800000, 0x000000008389be00, 0x0000000083900000| 60%| O|  |TAMS 0x0000000083800000, 0x0000000083800000| Untracked 
|   7|0x0000000083900000, 0x0000000083900000, 0x0000000083a00000|  0%| F|  |TAMS 0x0000000083900000, 0x0000000083900000| Untracked 
|   8|0x0000000083a00000, 0x0000000083a00000, 0x0000000083b00000|  0%| F|  |TAMS 0x0000000083a00000, 0x0000000083a00000| Untracked 
|   9|0x0000000083b00000, 0x0000000083b00000, 0x0000000083c00000|  0%| F|  |TAMS 0x0000000083b00000, 0x0000000083b00000| Untracked 
|  10|0x0000000083c00000, 0x0000000083c00000, 0x0000000083d00000|  0%| F|  |TAMS 0x0000000083c00000, 0x0000000083c00000| Untracked 
|  11|0x0000000083d00000, 0x0000000083d00000, 0x0000000083e00000|  0%| F|  |TAMS 0x0000000083d00000, 0x0000000083d00000| Untracked 
|  12|0x0000000083e00000, 0x0000000083e00000, 0x0000000083f00000|  0%| F|  |TAMS 0x0000000083e00000, 0x0000000083e00000| Untracked 
|  13|0x0000000083f00000, 0x0000000083f00000, 0x0000000084000000|  0%| F|  |TAMS 0x0000000083f00000, 0x0000000083f00000| Untracked 
|  14|0x0000000084000000, 0x0000000084000000, 0x0000000084100000|  0%| F|  |TAMS 0x0000000084000000, 0x0000000084000000| Untracked 
|  15|0x0000000084100000, 0x0000000084100000, 0x0000000084200000|  0%| F|  |TAMS 0x0000000084100000, 0x0000000084100000| Untracked 
|  16|0x0000000084200000, 0x0000000084200000, 0x0000000084300000|  0%| F|  |TAMS 0x0000000084200000, 0x0000000084200000| Untracked 
|  17|0x0000000084300000, 0x0000000084300000, 0x0000000084400000|  0%| F|  |TAMS 0x0000000084300000, 0x0000000084300000| Untracked 
|  18|0x0000000084400000, 0x0000000084400000, 0x0000000084500000|  0%| F|  |TAMS 0x0000000084400000, 0x0000000084400000| Untracked 
|  19|0x0000000084500000, 0x0000000084500000, 0x0000000084600000|  0%| F|  |TAMS 0x0000000084500000, 0x0000000084500000| Untracked 
|  20|0x0000000084600000, 0x0000000084600000, 0x0000000084700000|  0%| F|  |TAMS 0x0000000084600000, 0x0000000084600000| Untracked 
|  21|0x0000000084700000, 0x0000000084700000, 0x0000000084800000|  0%| F|  |TAMS 0x0000000084700000, 0x0000000084700000| Untracked 
|  22|0x0000000084800000, 0x0000000084800000, 0x0000000084900000|  0%| F|  |TAMS 0x0000000084800000, 0x0000000084800000| Untracked 
|  23|0x0000000084900000, 0x0000000084900000, 0x0000000084a00000|  0%| F|  |TAMS 0x0000000084900000, 0x0000000084900000| Untracked 
|  24|0x0000000084a00000, 0x0000000084a00000, 0x0000000084b00000|  0%| F|  |TAMS 0x0000000084a00000, 0x0000000084a00000| Untracked 
|  25|0x0000000084b00000, 0x0000000084b00000, 0x0000000084c00000|  0%| F|  |TAMS 0x0000000084b00000, 0x0000000084b00000| Untracked 
|  26|0x0000000084c00000, 0x0000000084c00000, 0x0000000084d00000|  0%| F|  |TAMS 0x0000000084c00000, 0x0000000084c00000| Untracked 
|  27|0x0000000084d00000, 0x0000000084d00000, 0x0000000084e00000|  0%| F|  |TAMS 0x0000000084d00000, 0x0000000084d00000| Untracked 
|  28|0x0000000084e00000, 0x0000000084e00000, 0x0000000084f00000|  0%| F|  |TAMS 0x0000000084e00000, 0x0000000084e00000| Untracked 
|  29|0x0000000084f00000, 0x0000000084f00000, 0x0000000085000000|  0%| F|  |TAMS 0x0000000084f00000, 0x0000000084f00000| Untracked 
|  30|0x0000000085000000, 0x0000000085000000, 0x0000000085100000|  0%| F|  |TAMS 0x0000000085000000, 0x0000000085000000| Untracked 
|  31|0x0000000085100000, 0x0000000085100000, 0x0000000085200000|  0%| F|  |TAMS 0x0000000085100000, 0x0000000085100000| Untracked 
|  32|0x0000000085200000, 0x0000000085200000, 0x0000000085300000|  0%| F|  |TAMS 0x0000000085200000, 0x0000000085200000| Untracked 
|  33|0x0000000085300000, 0x0000000085300000, 0x0000000085400000|  0%| F|  |TAMS 0x0000000085300000, 0x0000000085300000| Untracked 
|  34|0x0000000085400000, 0x0000000085400000, 0x0000000085500000|  0%| F|  |TAMS 0x0000000085400000, 0x0000000085400000| Untracked 
|  35|0x0000000085500000, 0x0000000085500000, 0x0000000085600000|  0%| F|  |TAMS 0x0000000085500000, 0x0000000085500000| Untracked 
|  36|0x0000000085600000, 0x0000000085600000, 0x0000000085700000|  0%| F|  |TAMS 0x0000000085600000, 0x0000000085600000| Untracked 
|  37|0x0000000085700000, 0x0000000085700000, 0x0000000085800000|  0%| F|  |TAMS 0x0000000085700000, 0x0000000085700000| Untracked 
|  38|0x0000000085800000, 0x0000000085800000, 0x0000000085900000|  0%| F|  |TAMS 0x0000000085800000, 0x0000000085800000| Untracked 
|  39|0x0000000085900000, 0x0000000085900000, 0x0000000085a00000|  0%| F|  |TAMS 0x0000000085900000, 0x0000000085900000| Untracked 
|  40|0x0000000085a00000, 0x0000000085a00000, 0x0000000085b00000|  0%| F|  |TAMS 0x0000000085a00000, 0x0000000085a00000| Untracked 
|  41|0x0000000085b00000, 0x0000000085b00000, 0x0000000085c00000|  0%| F|  |TAMS 0x0000000085b00000, 0x0000000085b00000| Untracked 
|  42|0x0000000085c00000, 0x0000000085c00000, 0x0000000085d00000|  0%| F|  |TAMS 0x0000000085c00000, 0x0000000085c00000| Untracked 
|  43|0x0000000085d00000, 0x0000000085d00000, 0x0000000085e00000|  0%| F|  |TAMS 0x0000000085d00000, 0x0000000085d00000| Untracked 
|  44|0x0000000085e00000, 0x0000000085e00000, 0x0000000085f00000|  0%| F|  |TAMS 0x0000000085e00000, 0x0000000085e00000| Untracked 
|  45|0x0000000085f00000, 0x0000000085f00000, 0x0000000086000000|  0%| F|  |TAMS 0x0000000085f00000, 0x0000000085f00000| Untracked 
|  46|0x0000000086000000, 0x0000000086000000, 0x0000000086100000|  0%| F|  |TAMS 0x0000000086000000, 0x0000000086000000| Untracked 
|  47|0x0000000086100000, 0x0000000086100000, 0x0000000086200000|  0%| F|  |TAMS 0x0000000086100000, 0x0000000086100000| Untracked 
|  48|0x0000000086200000, 0x0000000086200000, 0x0000000086300000|  0%| F|  |TAMS 0x0000000086200000, 0x0000000086200000| Untracked 
|  49|0x0000000086300000, 0x0000000086300000, 0x0000000086400000|  0%| F|  |TAMS 0x0000000086300000, 0x0000000086300000| Untracked 
|  50|0x0000000086400000, 0x0000000086400000, 0x0000000086500000|  0%| F|  |TAMS 0x0000000086400000, 0x0000000086400000| Untracked 
|  51|0x0000000086500000, 0x0000000086500000, 0x0000000086600000|  0%| F|  |TAMS 0x0000000086500000, 0x0000000086500000| Untracked 
|  52|0x0000000086600000, 0x0000000086600000, 0x0000000086700000|  0%| F|  |TAMS 0x0000000086600000, 0x0000000086600000| Untracked 
|  53|0x0000000086700000, 0x0000000086700000, 0x0000000086800000|  0%| F|  |TAMS 0x0000000086700000, 0x0000000086700000| Untracked 
|  54|0x0000000086800000, 0x0000000086800000, 0x0000000086900000|  0%| F|  |TAMS 0x0000000086800000, 0x0000000086800000| Untracked 
|  55|0x0000000086900000, 0x0000000086900000, 0x0000000086a00000|  0%| F|  |TAMS 0x0000000086900000, 0x0000000086900000| Untracked 
|  56|0x0000000086a00000, 0x0000000086a00000, 0x0000000086b00000|  0%| F|  |TAMS 0x0000000086a00000, 0x0000000086a00000| Untracked 
|  57|0x0000000086b00000, 0x0000000086b00000, 0x0000000086c00000|  0%| F|  |TAMS 0x0000000086b00000, 0x0000000086b00000| Untracked 
|  58|0x0000000086c00000, 0x0000000086c00000, 0x0000000086d00000|  0%| F|  |TAMS 0x0000000086c00000, 0x0000000086c00000| Untracked 
|  59|0x0000000086d00000, 0x0000000086d00000, 0x0000000086e00000|  0%| F|  |TAMS 0x0000000086d00000, 0x0000000086d00000| Untracked 
|  60|0x0000000086e00000, 0x0000000086e00000, 0x0000000086f00000|  0%| F|  |TAMS 0x0000000086e00000, 0x0000000086e00000| Untracked 
|  61|0x0000000086f00000, 0x0000000086f00000, 0x0000000087000000|  0%| F|  |TAMS 0x0000000086f00000, 0x0000000086f00000| Untracked 
|  62|0x0000000087000000, 0x0000000087000000, 0x0000000087100000|  0%| F|  |TAMS 0x0000000087000000, 0x0000000087000000| Untracked 
|  63|0x0000000087100000, 0x0000000087100000, 0x0000000087200000|  0%| F|  |TAMS 0x0000000087100000, 0x0000000087100000| Untracked 
|  64|0x0000000087200000, 0x0000000087200000, 0x0000000087300000|  0%| F|  |TAMS 0x0000000087200000, 0x0000000087200000| Untracked 
|  65|0x0000000087300000, 0x0000000087300000, 0x0000000087400000|  0%| F|  |TAMS 0x0000000087300000, 0x0000000087300000| Untracked 
|  66|0x0000000087400000, 0x0000000087400000, 0x0000000087500000|  0%| F|  |TAMS 0x0000000087400000, 0x0000000087400000| Untracked 
|  67|0x0000000087500000, 0x0000000087500000, 0x0000000087600000|  0%| F|  |TAMS 0x0000000087500000, 0x0000000087500000| Untracked 
|  68|0x0000000087600000, 0x0000000087600000, 0x0000000087700000|  0%| F|  |TAMS 0x0000000087600000, 0x0000000087600000| Untracked 
|  69|0x0000000087700000, 0x0000000087700000, 0x0000000087800000|  0%| F|  |TAMS 0x0000000087700000, 0x0000000087700000| Untracked 
|  70|0x0000000087800000, 0x0000000087800000, 0x0000000087900000|  0%| F|  |TAMS 0x0000000087800000, 0x0000000087800000| Untracked 
|  71|0x0000000087900000, 0x0000000087900000, 0x0000000087a00000|  0%| F|  |TAMS 0x0000000087900000, 0x0000000087900000| Untracked 
|  72|0x0000000087a00000, 0x0000000087a00000, 0x0000000087b00000|  0%| F|  |TAMS 0x0000000087a00000, 0x0000000087a00000| Untracked 
|  73|0x0000000087b00000, 0x0000000087b00000, 0x0000000087c00000|  0%| F|  |TAMS 0x0000000087b00000, 0x0000000087b00000| Untracked 
|  74|0x0000000087c00000, 0x0000000087c00000, 0x0000000087d00000|  0%| F|  |TAMS 0x0000000087c00000, 0x0000000087c00000| Untracked 
|  75|0x0000000087d00000, 0x0000000087d00000, 0x0000000087e00000|  0%| F|  |TAMS 0x0000000087d00000, 0x0000000087d00000| Untracked 
|  76|0x0000000087e00000, 0x0000000087e00000, 0x0000000087f00000|  0%| F|  |TAMS 0x0000000087e00000, 0x0000000087e00000| Untracked 
|  77|0x0000000087f00000, 0x0000000087f00000, 0x0000000088000000|  0%| F|  |TAMS 0x0000000087f00000, 0x0000000087f00000| Untracked 
|  78|0x0000000088000000, 0x0000000088000000, 0x0000000088100000|  0%| F|  |TAMS 0x0000000088000000, 0x0000000088000000| Untracked 
|  79|0x0000000088100000, 0x0000000088100000, 0x0000000088200000|  0%| F|  |TAMS 0x0000000088100000, 0x0000000088100000| Untracked 
|  80|0x0000000088200000, 0x0000000088200000, 0x0000000088300000|  0%| F|  |TAMS 0x0000000088200000, 0x0000000088200000| Untracked 
|  81|0x0000000088300000, 0x0000000088300000, 0x0000000088400000|  0%| F|  |TAMS 0x0000000088300000, 0x0000000088300000| Untracked 
|  82|0x0000000088400000, 0x0000000088400000, 0x0000000088500000|  0%| F|  |TAMS 0x0000000088400000, 0x0000000088400000| Untracked 
|  83|0x0000000088500000, 0x0000000088500000, 0x0000000088600000|  0%| F|  |TAMS 0x0000000088500000, 0x0000000088500000| Untracked 
|  84|0x0000000088600000, 0x0000000088600000, 0x0000000088700000|  0%| F|  |TAMS 0x0000000088600000, 0x0000000088600000| Untracked 
|  85|0x0000000088700000, 0x0000000088700000, 0x0000000088800000|  0%| F|  |TAMS 0x0000000088700000, 0x0000000088700000| Untracked 
|  86|0x0000000088800000, 0x0000000088800000, 0x0000000088900000|  0%| F|  |TAMS 0x0000000088800000, 0x0000000088800000| Untracked 
|  87|0x0000000088900000, 0x0000000088900000, 0x0000000088a00000|  0%| F|  |TAMS 0x0000000088900000, 0x0000000088900000| Untracked 
|  88|0x0000000088a00000, 0x0000000088a00000, 0x0000000088b00000|  0%| F|  |TAMS 0x0000000088a00000, 0x0000000088a00000| Untracked 
|  89|0x0000000088b00000, 0x0000000088b00000, 0x0000000088c00000|  0%| F|  |TAMS 0x0000000088b00000, 0x0000000088b00000| Untracked 
|  90|0x0000000088c00000, 0x0000000088c00000, 0x0000000088d00000|  0%| F|  |TAMS 0x0000000088c00000, 0x0000000088c00000| Untracked 
|  91|0x0000000088d00000, 0x0000000088d00000, 0x0000000088e00000|  0%| F|  |TAMS 0x0000000088d00000, 0x0000000088d00000| Untracked 
|  92|0x0000000088e00000, 0x0000000088e00000, 0x0000000088f00000|  0%| F|  |TAMS 0x0000000088e00000, 0x0000000088e00000| Untracked 
|  93|0x0000000088f00000, 0x0000000088f00000, 0x0000000089000000|  0%| F|  |TAMS 0x0000000088f00000, 0x0000000088f00000| Untracked 
|  94|0x0000000089000000, 0x0000000089000000, 0x0000000089100000|  0%| F|  |TAMS 0x0000000089000000, 0x0000000089000000| Untracked 
|  95|0x0000000089100000, 0x0000000089100000, 0x0000000089200000|  0%| F|  |TAMS 0x0000000089100000, 0x0000000089100000| Untracked 
|  96|0x0000000089200000, 0x000000008923fa10, 0x0000000089300000| 24%| E|  |TAMS 0x0000000089200000, 0x0000000089200000| Complete 
|  97|0x0000000089300000, 0x0000000089400000, 0x0000000089400000|100%| E|  |TAMS 0x0000000089300000, 0x0000000089300000| Complete 
|  98|0x0000000089400000, 0x0000000089500000, 0x0000000089500000|100%| E|CS|TAMS 0x0000000089400000, 0x0000000089400000| Complete 
|  99|0x0000000089500000, 0x0000000089600000, 0x0000000089600000|100%| E|CS|TAMS 0x0000000089500000, 0x0000000089500000| Complete 
| 100|0x0000000089600000, 0x0000000089700000, 0x0000000089700000|100%| E|CS|TAMS 0x0000000089600000, 0x0000000089600000| Complete 
| 101|0x0000000089700000, 0x0000000089800000, 0x0000000089800000|100%| E|CS|TAMS 0x0000000089700000, 0x0000000089700000| Complete 
| 102|0x0000000089800000, 0x0000000089900000, 0x0000000089900000|100%| E|CS|TAMS 0x0000000089800000, 0x0000000089800000| Complete 
| 103|0x0000000089900000, 0x0000000089a00000, 0x0000000089a00000|100%| E|CS|TAMS 0x0000000089900000, 0x0000000089900000| Complete 
| 104|0x0000000089a00000, 0x0000000089a96490, 0x0000000089b00000| 58%| S|CS|TAMS 0x0000000089a00000, 0x0000000089a00000| Complete 
| 105|0x0000000089b00000, 0x0000000089c00000, 0x0000000089c00000|100%| E|CS|TAMS 0x0000000089b00000, 0x0000000089b00000| Complete 
| 106|0x0000000089c00000, 0x0000000089d00000, 0x0000000089d00000|100%| E|CS|TAMS 0x0000000089c00000, 0x0000000089c00000| Complete 
| 107|0x0000000089d00000, 0x0000000089e00000, 0x0000000089e00000|100%| E|CS|TAMS 0x0000000089d00000, 0x0000000089d00000| Complete 
| 108|0x0000000089e00000, 0x0000000089f00000, 0x0000000089f00000|100%| E|CS|TAMS 0x0000000089e00000, 0x0000000089e00000| Complete 
| 109|0x0000000089f00000, 0x000000008a000000, 0x000000008a000000|100%| E|CS|TAMS 0x0000000089f00000, 0x0000000089f00000| Complete 
| 110|0x000000008a000000, 0x000000008a100000, 0x000000008a100000|100%| E|CS|TAMS 0x000000008a000000, 0x000000008a000000| Complete 
| 111|0x000000008a100000, 0x000000008a200000, 0x000000008a200000|100%| E|CS|TAMS 0x000000008a100000, 0x000000008a100000| Complete 
| 112|0x000000008a200000, 0x000000008a300000, 0x000000008a300000|100%| E|CS|TAMS 0x000000008a200000, 0x000000008a200000| Complete 
| 113|0x000000008a300000, 0x000000008a400000, 0x000000008a400000|100%| E|CS|TAMS 0x000000008a300000, 0x000000008a300000| Complete 
| 114|0x000000008a400000, 0x000000008a500000, 0x000000008a500000|100%| E|CS|TAMS 0x000000008a400000, 0x000000008a400000| Complete 
| 115|0x000000008a500000, 0x000000008a600000, 0x000000008a600000|100%| E|CS|TAMS 0x000000008a500000, 0x000000008a500000| Complete 
| 116|0x000000008a600000, 0x000000008a700000, 0x000000008a700000|100%| E|CS|TAMS 0x000000008a600000, 0x000000008a600000| Complete 
| 117|0x000000008a700000, 0x000000008a800000, 0x000000008a800000|100%| E|CS|TAMS 0x000000008a700000, 0x000000008a700000| Complete 
| 118|0x000000008a800000, 0x000000008a900000, 0x000000008a900000|100%| E|CS|TAMS 0x000000008a800000, 0x000000008a800000| Complete 
| 119|0x000000008a900000, 0x000000008aa00000, 0x000000008aa00000|100%| E|CS|TAMS 0x000000008a900000, 0x000000008a900000| Complete 
| 120|0x000000008aa00000, 0x000000008ab00000, 0x000000008ab00000|100%| E|CS|TAMS 0x000000008aa00000, 0x000000008aa00000| Complete 
| 121|0x000000008ab00000, 0x000000008ac00000, 0x000000008ac00000|100%| E|CS|TAMS 0x000000008ab00000, 0x000000008ab00000| Complete 
| 122|0x000000008ac00000, 0x000000008ad00000, 0x000000008ad00000|100%| E|CS|TAMS 0x000000008ac00000, 0x000000008ac00000| Complete 
| 123|0x000000008ad00000, 0x000000008ae00000, 0x000000008ae00000|100%| E|CS|TAMS 0x000000008ad00000, 0x000000008ad00000| Complete 
| 124|0x000000008ae00000, 0x000000008af00000, 0x000000008af00000|100%| E|CS|TAMS 0x000000008ae00000, 0x000000008ae00000| Complete 
| 125|0x000000008af00000, 0x000000008b000000, 0x000000008b000000|100%| E|CS|TAMS 0x000000008af00000, 0x000000008af00000| Complete 

Card table byte_map: [0x0000018c2b1d0000,0x0000018c2b5c0000] _byte_map_base: 0x0000018c2adb7000

Marking Bits (Prev, Next): (CMBitMap*) 0x0000018c138d26f0, (CMBitMap*) 0x0000018c138d2730
 Prev Bits: [0x0000018c2b9b0000, 0x0000018c2d8e8000)
 Next Bits: [0x0000018c2d8f0000, 0x0000018c2f828000)

Polling page: 0x0000018c13050000

Metaspace:

Usage:
  Non-class:      5.42 MB capacity,     4.83 MB ( 89%) used,   596.52 KB ( 11%) free+waste,     6.75 KB ( <1%) overhead. 
      Class:    596.00 KB capacity,   518.16 KB ( 87%) used,    74.72 KB ( 13%) free+waste,     3.12 KB ( <1%) overhead. 
       Both:      6.00 MB capacity,     5.34 MB ( 89%) used,   671.23 KB ( 11%) free+waste,     9.88 KB ( <1%) overhead. 

Virtual space:
  Non-class space:        8.00 MB reserved,       5.50 MB ( 69%) committed 
      Class space:        1.00 GB reserved,     640.00 KB ( <1%) committed 
             Both:        1.01 GB reserved,       6.12 MB ( <1%) committed 

Chunk freelists:
   Non-Class:  18.00 KB
       Class:  0 bytes
        Both:  18.00 KB

MaxMetaspaceSize: 17179869184.00 GB
CompressedClassSpaceSize: 1.00 GB

CodeHeap 'non-profiled nmethods': size=120000Kb used=560Kb max_used=560Kb free=119440Kb
 bounds [0x0000018c23580000, 0x0000018c237f0000, 0x0000018c2aab0000]
CodeHeap 'profiled nmethods': size=120000Kb used=2811Kb max_used=2811Kb free=117188Kb
 bounds [0x0000018c1c050000, 0x0000018c1c310000, 0x0000018c23580000]
CodeHeap 'non-nmethods': size=5760Kb used=1186Kb max_used=1237Kb free=4573Kb
 bounds [0x0000018c1bab0000, 0x0000018c1bd20000, 0x0000018c1c050000]
 total_blobs=1932 nmethods=1485 adapters=360
 compilation: enabled
              stopped_count=0, restarted_count=0
 full_count=0

Compilation events (20 events):
Event: 18.134 Thread 0x0000018c322830a0 1462       3       java.util.concurrent.ConcurrentLinkedDeque::offerLast (7 bytes)
Event: 18.134 Thread 0x0000018c322830a0 nmethod 1462 0x0000018c1c301c90 code [0x0000018c1c301e40, 0x0000018c1c301f68]
Event: 18.159 Thread 0x0000018c322830a0 1463       3       com.fdeight.socketchat.Server.ServerSomething::sendMessage (58 bytes)
Event: 18.163 Thread 0x0000018c322830a0 nmethod 1463 0x0000018c1c302010 code [0x0000018c1c302340, 0x0000018c1c303458]
Event: 18.163 Thread 0x0000018c322830a0 1464       3       java.util.concurrent.ConcurrentLinkedQueue$Itr::next (96 bytes)
Event: 18.164 Thread 0x0000018c322830a0 nmethod 1464 0x0000018c1c303c90 code [0x0000018c1c303e80, 0x0000018c1c304578]
Event: 18.165 Thread 0x0000018c322830a0 1465       3       com.fdeight.socketchat.Server.ServerSomething::send (35 bytes)
Event: 18.166 Thread 0x0000018c322830a0 nmethod 1465 0x0000018c1c304810 code [0x0000018c1c304a80, 0x0000018c1c305498]
Event: 18.800 Thread 0x0000018c322830a0 1466       3       java.util.concurrent.ConcurrentLinkedDeque::unlink (335 bytes)
Event: 18.805 Thread 0x0000018c322830a0 nmethod 1466 0x0000018c1c305910 code [0x0000018c1c305d20, 0x0000018c1c307bf8]
Event: 19.135 Thread 0x0000018c322802b0 1467       4       java.io.OutputStream::flush (1 bytes)
Event: 19.136 Thread 0x0000018c322802b0 nmethod 1467 0x0000018c2360a010 code [0x0000018c2360a180, 0x0000018c2360a1d8]
Event: 19.538 Thread 0x0000018c322830a0 1468       3       java.lang.StringCoding::hasNegatives (25 bytes)
Event: 19.538 Thread 0x0000018c322830a0 nmethod 1468 0x0000018c1c308490 code [0x0000018c1c308640, 0x0000018c1c308858]
Event: 19.632 Thread 0x0000018c322802b0 1469       4       java.lang.invoke.VarHandleReferences$FieldInstanceReadWrite::compareAndSet (48 bytes)
Event: 19.635 Thread 0x0000018c322802b0 nmethod 1469 0x0000018c2360a310 code [0x0000018c2360a4a0, 0x0000018c2360a838]
Event: 20.445 Thread 0x0000018c322830a0 1470       3       java.util.regex.Pattern$Branch::match (66 bytes)
Event: 20.446 Thread 0x0000018c322830a0 nmethod 1470 0x0000018c1c308990 code [0x0000018c1c308b60, 0x0000018c1c309018]
Event: 22.405 Thread 0x0000018c322802b0 1471       4       java.util.HashMap::hash (20 bytes)
Event: 22.406 Thread 0x0000018c322802b0 nmethod 1471 0x0000018c2360aa90 code [0x0000018c2360ac20, 0x0000018c2360acf8]

GC Heap History (4 events):
Event: 4.135 GC heap before
{Heap before GC invocations=0 (full 0):
 garbage-first heap   total 129024K, used 23552K [0x0000000083200000, 0x0000000100000000)
  region size 1024K, 23 young (23552K), 0 survivors (0K)
 Metaspace       used 2935K, capacity 4962K, committed 5120K, reserved 1056768K
  class space    used 260K, capacity 438K, committed 512K, reserved 1048576K
}
Event: 4.142 GC heap after
{Heap after GC invocations=1 (full 0):
 garbage-first heap   total 129024K, used 6727K [0x0000000083200000, 0x0000000100000000)
  region size 1024K, 3 young (3072K), 3 survivors (3072K)
 Metaspace       used 2935K, capacity 4962K, committed 5120K, reserved 1056768K
  class space    used 260K, capacity 438K, committed 512K, reserved 1048576K
}
Event: 10.833 GC heap before
{Heap before GC invocations=1 (full 0):
 garbage-first heap   total 129024K, used 27207K [0x0000000083200000, 0x0000000100000000)
  region size 1024K, 24 young (24576K), 3 survivors (3072K)
 Metaspace       used 5225K, capacity 6128K, committed 6272K, reserved 1056768K
  class space    used 503K, capacity 590K, committed 640K, reserved 1048576K
}
Event: 10.840 GC heap after
{Heap after GC invocations=2 (full 0):
 garbage-first heap   total 129024K, used 7368K [0x0000000083200000, 0x0000000100000000)
  region size 1024K, 1 young (1024K), 1 survivors (1024K)
 Metaspace       used 5225K, capacity 6128K, committed 6272K, reserved 1056768K
  class space    used 503K, capacity 590K, committed 640K, reserved 1048576K
}

Deoptimization events (20 events):
Event: 4.349 Thread 0x0000018c33b3a220 DEOPT PACKING pc=0x0000018c235a2e38 sp=0x0000003eb1efc1e0
Event: 4.349 Thread 0x0000018c33b3a220 DEOPT UNPACKING pc=0x0000018c1bafe42f sp=0x0000003eb1efc0e8 mode 2
Event: 4.349 Thread 0x0000018c33b3a220 Uncommon trap: trap_request=0xffffff45 fr.pc=0x0000018c235a7e28 relative=0x00000000000004e8
Event: 4.349 Thread 0x0000018c33b3a220 Uncommon trap: reason=unstable_if action=reinterpret pc=0x0000018c235a7e28 method=java.lang.AbstractStringBuilder.putStringAt(ILjava/lang/String;)V @ 8 c2
Event: 4.349 Thread 0x0000018c33b3a220 DEOPT PACKING pc=0x0000018c235a7e28 sp=0x0000003eb1efc170
Event: 4.349 Thread 0x0000018c33b3a220 DEOPT UNPACKING pc=0x0000018c1bafe42f sp=0x0000003eb1efc0e0 mode 2
Event: 4.349 Thread 0x0000018c33b3a220 Uncommon trap: trap_request=0xffffff45 fr.pc=0x0000018c235a1404 relative=0x00000000000000e4
Event: 4.349 Thread 0x0000018c33b3a220 Uncommon trap: reason=unstable_if action=reinterpret pc=0x0000018c235a1404 method=java.lang.String.getBytes([BIB)V @ 5 c2
Event: 4.349 Thread 0x0000018c33b3a220 DEOPT PACKING pc=0x0000018c235a1404 sp=0x0000003eb1efc090
Event: 4.349 Thread 0x0000018c33b3a220 DEOPT UNPACKING pc=0x0000018c1bafe42f sp=0x0000003eb1efc058 mode 2
Event: 4.349 Thread 0x0000018c33b3a220 Uncommon trap: trap_request=0xffffff45 fr.pc=0x0000018c235cdfcc relative=0x00000000000003ac
Event: 4.349 Thread 0x0000018c33b3a220 Uncommon trap: reason=unstable_if action=reinterpret pc=0x0000018c235cdfcc method=java.lang.StringBuilder.toString()Ljava/lang/String; @ 4 c2
Event: 4.349 Thread 0x0000018c33b3a220 DEOPT PACKING pc=0x0000018c235cdfcc sp=0x0000003eb1efc1f0
Event: 4.349 Thread 0x0000018c33b3a220 DEOPT UNPACKING pc=0x0000018c1bafe42f sp=0x0000003eb1efc1d0 mode 2
Event: 4.368 Thread 0x0000018c33b3a220 Uncommon trap: trap_request=0xffffffc6 fr.pc=0x0000018c235ebc60 relative=0x00000000000002a0
Event: 4.368 Thread 0x0000018c33b3a220 Uncommon trap: reason=bimorphic_or_optimized_type_check action=maybe_recompile pc=0x0000018c235ebc60 method=java.util.HashMap.getNode(Ljava/lang/Object;)Ljava/util/HashMap$Node; @ 128 c2
Event: 4.368 Thread 0x0000018c33b3a220 DEOPT PACKING pc=0x0000018c235ebc60 sp=0x0000003eb1efdf40
Event: 4.368 Thread 0x0000018c33b3a220 DEOPT UNPACKING pc=0x0000018c1bafe42f sp=0x0000003eb1efdeb8 mode 2
Event: 7.135 Thread 0x0000018c3373bb80 DEOPT PACKING pc=0x0000018c1c291d72 sp=0x0000003eb18fed20
Event: 7.135 Thread 0x0000018c3373bb80 DEOPT UNPACKING pc=0x0000018c1bafe23f sp=0x0000003eb18fe1e0 mode 0

Classes unloaded (0 events):
No events

Classes redefined (0 events):
No events

Internal exceptions (20 events):
Event: 4.276 Thread 0x0000018c33b3a220 Exception <a 'java/lang/NoSuchMethodError'{0x000000008aba10a0}: static Lcom/github/sarxos/webcam/ds/buildin/natives/OpenIMAJGrabber;.nextFrame()I> (0x000000008aba10a0) 
thrown [./open/src/hotspot/share/prims/jni.cpp, line 1204]
Event: 4.276 Thread 0x0000018c33b3a220 Exception <a 'java/lang/NoSuchMethodError'{0x000000008aba1418}: static Lcom/github/sarxos/webcam/ds/buildin/natives/OpenIMAJGrabber;.getImage()Lorg/bridj/Pointer;> (0x000000008aba1418) 
thrown [./open/src/hotspot/share/prims/jni.cpp, line 1204]
Event: 4.276 Thread 0x0000018c33b3a220 Exception <a 'java/lang/NoSuchMethodError'{0x000000008aba1778}: static Lcom/github/sarxos/webcam/ds/buildin/natives/OpenIMAJGrabber;.setTimeout(I)V> (0x000000008aba1778) 
thrown [./open/src/hotspot/share/prims/jni.cpp, line 1204]
Event: 4.276 Thread 0x0000018c33b3a220 Exception <a 'java/lang/NoSuchMethodError'{0x000000008aba1ad0}: static Lcom/github/sarxos/webcam/ds/buildin/natives/OpenIMAJGrabber;.getWidth()I> (0x000000008aba1ad0) 
thrown [./open/src/hotspot/share/prims/jni.cpp, line 1204]
Event: 4.276 Thread 0x0000018c33b3a220 Exception <a 'java/lang/NoSuchMethodError'{0x000000008aba1e30}: static Lcom/github/sarxos/webcam/ds/buildin/natives/OpenIMAJGrabber;.stopSession()V> (0x000000008aba1e30) 
thrown [./open/src/hotspot/share/prims/jni.cpp, line 1204]
Event: 4.276 Thread 0x0000018c33b3a220 Exception <a 'java/lang/NoSuchMethodError'{0x000000008aba21b0}: static Lcom/github/sarxos/webcam/ds/buildin/natives/OpenIMAJGrabber;.getVideoDevices()Lorg/bridj/Pointer;> (0x000000008aba21b0) 
thrown [./open/src/hotspot/share/prims/jni.cpp, line 1204]
Event: 4.276 Thread 0x0000018c33b3a220 Exception <a 'java/lang/NoSuchMethodError'{0x000000008aba2510}: static Lcom/github/sarxos/webcam/ds/buildin/natives/OpenIMAJGrabber;.startSession(IID)Z> (0x000000008aba2510) 
thrown [./open/src/hotspot/share/prims/jni.cpp, line 1204]
Event: 4.276 Thread 0x0000018c33b3a220 Exception <a 'java/lang/NoSuchMethodError'{0x000000008aba2890}: static Lcom/github/sarxos/webcam/ds/buildin/natives/OpenIMAJGrabber;.startSession(IIDLorg/bridj/Pointer;)Z> (0x000000008aba2890) 
thrown [./open/src/hotspot/share/prims/jni.cpp, line 1204]
Event: 4.276 Thread 0x0000018c33b3a220 Exception <a 'java/lang/NoSuchMethodError'{0x000000008aba2bf0}: static Lcom/github/sarxos/webcam/ds/buildin/natives/OpenIMAJGrabber;.getHeight()I> (0x000000008aba2bf0) 
thrown [./open/src/hotspot/share/prims/jni.cpp, line 1204]
Event: 4.306 Thread 0x0000018c33b3a220 Exception <a 'java/lang/NoSuchMethodError'{0x000000008aae09a0}: static Lorg/bridj/cpp/CPPRuntime_CPPDestructor_NativeImpl;.destroy(J)V> (0x000000008aae09a0) 
thrown [./open/src/hotspot/share/prims/jni.cpp, line 1204]
Event: 4.311 Thread 0x0000018c33b3a220 Exception <a 'java/lang/NoSuchMethodError'{0x000000008a921c20}: static Lorg/bridj/dyncallbacks/PointerToVoid_0;.apply(Lorg/bridj/Pointer;)V> (0x000000008a921c20) 
thrown [./open/src/hotspot/share/prims/jni.cpp, line 1204]
Event: 4.312 Thread 0x0000018c33b3a220 Exception <a 'java/lang/NoSuchMethodError'{0x000000008a922e60}: static Lorg/bridj/dyncallbacks/PointerToVoid_0;.apply(Lorg/bridj/Pointer;)V> (0x000000008a922e60) 
thrown [./open/src/hotspot/share/prims/jni.cpp, line 1204]
Event: 4.325 Thread 0x0000018c33b3a220 Exception <a 'java/lang/NoSuchMethodError'{0x000000008a943a70}: static Lcom/github/sarxos/webcam/ds/buildin/natives/DeviceList;.getDevice(I)Lorg/bridj/Pointer;> (0x000000008a943a70) 
thrown [./open/src/hotspot/share/prims/jni.cpp, line 1204]
Event: 4.325 Thread 0x0000018c33b3a220 Exception <a 'java/lang/NoSuchMethodError'{0x000000008a943dc8}: static Lcom/github/sarxos/webcam/ds/buildin/natives/DeviceList;.getNumDevices()I> (0x000000008a943dc8) 
thrown [./open/src/hotspot/share/prims/jni.cpp, line 1204]
Event: 4.326 Thread 0x0000018c33b3a220 Exception <a 'java/lang/NoSuchMethodError'{0x000000008a94c8e0}: static Lcom/github/sarxos/webcam/ds/buildin/natives/Device;.getName()Lorg/bridj/Pointer;> (0x000000008a94c8e0) 
thrown [./open/src/hotspot/share/prims/jni.cpp, line 1204]
Event: 4.326 Thread 0x0000018c33b3a220 Exception <a 'java/lang/NoSuchMethodError'{0x000000008a94cc50}: static Lcom/github/sarxos/webcam/ds/buildin/natives/Device;.getIdentifier()Lorg/bridj/Pointer;> (0x000000008a94cc50) 
thrown [./open/src/hotspot/share/prims/jni.cpp, line 1204]
Event: 4.333 Thread 0x0000018c33b3a220 Exception <a 'java/lang/ClassNotFoundException'{0x000000008a9c1840}: sun/awt/resources/spi/awtProvider> (0x000000008a9c1840) 
thrown [./open/src/hotspot/share/classfile/systemDictionary.cpp, line 295]
Event: 4.349 Thread 0x0000018c33b3a220 Exception <a 'java/io/FileNotFoundException'{0x000000008a809f70}> (0x000000008a809f70) 
thrown [./open/src/hotspot/share/prims/jni.cpp, line 578]
Event: 4.356 Thread 0x0000018c33b3a220 Exception <a 'java/io/FileNotFoundException'{0x000000008a838978}> (0x000000008a838978) 
thrown [./open/src/hotspot/share/prims/jni.cpp, line 578]
Event: 22.414 Thread 0x0000018c3505e610 Exception <a 'java/lang/NoSuchMethodError'{0x00000000893f3ae0}: 'void java.lang.invoke.DirectMethodHandle$Holder.invokeStatic(java.lang.Object, long)'> (0x00000000893f3ae0) 
thrown [./open/src/hotspot/share/interpreter/linkResolver.cpp, line 782]

Events (20 events):
Event: 5.157 Executing VM operation: HandshakeAllThreads done
Event: 5.171 Thread 0x0000018c337bea70 Thread exited: 0x0000018c337bea70
Event: 7.411 loading class java/util/LinkedList$ListItr
Event: 7.411 loading class java/util/LinkedList$ListItr done
Event: 7.813 Loaded shared library C:\Program Files\Java\jdk-15\bin\java.dll
Event: 10.833 Executing VM operation: G1CollectForAllocation
Event: 10.840 Executing VM operation: G1CollectForAllocation done
Event: 22.401 loading class jdk/internal/misc/Signal$1
Event: 22.401 loading class jdk/internal/misc/Signal$1 done
Event: 22.401 Thread 0x0000018c33a9d7f0 Thread added: 0x0000018c33a9d7f0
Event: 22.402 Thread 0x0000018c3473d460 Thread added: 0x0000018c3473d460
Event: 22.402 Thread 0x0000018c350602f0 Thread added: 0x0000018c350602f0
Event: 22.402 Thread 0x0000018c3505e610 Thread added: 0x0000018c3505e610
Event: 22.402 Thread 0x0000018c350602f0 Thread exited: 0x0000018c350602f0
Event: 22.405 loading class java/lang/ProcessBuilder
Event: 22.405 loading class java/lang/ProcessBuilder done
Event: 22.406 loading class java/lang/ProcessImpl
Event: 22.406 loading class java/lang/Process
Event: 22.406 loading class java/lang/Process done
Event: 22.406 loading class java/lang/ProcessImpl done


Dynamic libraries:
0x00007ff6a9ca0000 - 0x00007ff6a9caf000 	C:\Program Files\Java\jdk-15\bin\java.exe
0x00007ffc1ccb0000 - 0x00007ffc1cea8000 	C:\WINDOWS\SYSTEM32\ntdll.dll
0x00007ffc1b410000 - 0x00007ffc1b4cf000 	C:\WINDOWS\System32\KERNEL32.DLL
0x00007ffc1a3a0000 - 0x00007ffc1a672000 	C:\WINDOWS\System32\KERNELBASE.dll
0x00007ffc1aad0000 - 0x00007ffc1abd0000 	C:\WINDOWS\System32\ucrtbase.dll
0x00007ffc119f0000 - 0x00007ffc11a08000 	C:\Program Files\Java\jdk-15\bin\jli.dll
0x00007ffc118f0000 - 0x00007ffc11909000 	C:\Program Files\Java\jdk-15\bin\VCRUNTIME140.dll
0x00007ffc1b360000 - 0x00007ffc1b40e000 	C:\WINDOWS\System32\ADVAPI32.dll
0x00007ffc1b060000 - 0x00007ffc1b0fe000 	C:\WINDOWS\System32\msvcrt.dll
0x00007ffc1c8f0000 - 0x00007ffc1c98c000 	C:\WINDOWS\System32\sechost.dll
0x00007ffc1c990000 - 0x00007ffc1cab5000 	C:\WINDOWS\System32\RPCRT4.dll
0x00007ffc1b100000 - 0x00007ffc1b2a1000 	C:\WINDOWS\System32\USER32.dll
0x00007ffc1ac90000 - 0x00007ffc1acb2000 	C:\WINDOWS\System32\win32u.dll
0x00007ffc1ae20000 - 0x00007ffc1ae4b000 	C:\WINDOWS\System32\GDI32.dll
0x00007ffc0af60000 - 0x00007ffc0b1fa000 	C:\WINDOWS\WinSxS\amd64_microsoft.windows.common-controls_6595b64144ccf1df_6.0.19041.1110_none_60b5254171f9507e\COMCTL32.dll
0x00007ffc1a9c0000 - 0x00007ffc1aacf000 	C:\WINDOWS\System32\gdi32full.dll
0x00007ffc1a890000 - 0x00007ffc1a92d000 	C:\WINDOWS\System32\msvcp_win.dll
0x00007ffc10290000 - 0x00007ffc1029a000 	C:\WINDOWS\SYSTEM32\VERSION.dll
0x00007ffc1c540000 - 0x00007ffc1c572000 	C:\WINDOWS\System32\IMM32.DLL
0x00007ffc12d80000 - 0x00007ffc12d8c000 	C:\Program Files\Java\jdk-15\bin\vcruntime140_1.dll
0x00007ffbfefa0000 - 0x00007ffbff031000 	C:\Program Files\Java\jdk-15\bin\msvcp140.dll
0x00007ffbd4ba0000 - 0x00007ffbd56fc000 	C:\Program Files\Java\jdk-15\bin\server\jvm.dll
0x00007ffc1ae50000 - 0x00007ffc1ae58000 	C:\WINDOWS\System32\PSAPI.DLL
0x00007ffc09d00000 - 0x00007ffc09d09000 	C:\WINDOWS\SYSTEM32\WSOCK32.dll
0x00007ffbf6d30000 - 0x00007ffbf6d57000 	C:\WINDOWS\SYSTEM32\WINMM.dll
0x00007ffc1b540000 - 0x00007ffc1b5ab000 	C:\WINDOWS\System32\WS2_32.dll
0x00007ffc18bf0000 - 0x00007ffc18c02000 	C:\WINDOWS\SYSTEM32\kernel.appcore.dll
0x00007ffc11a20000 - 0x00007ffc11a2a000 	C:\Program Files\Java\jdk-15\bin\jimage.dll
0x00007ffc158c0000 - 0x00007ffc15aa4000 	C:\WINDOWS\SYSTEM32\DBGHELP.DLL
0x00007ffc0f030000 - 0x00007ffc0f065000 	C:\WINDOWS\SYSTEM32\dbgcore.DLL
0x00007ffc1a930000 - 0x00007ffc1a9b2000 	C:\WINDOWS\System32\bcryptPrimitives.dll
0x00007ffc112a0000 - 0x00007ffc112ae000 	C:\Program Files\Java\jdk-15\bin\instrument.dll
0x00007ffc112c0000 - 0x00007ffc112e5000 	C:\Program Files\Java\jdk-15\bin\java.dll
0x00007ffc1b760000 - 0x00007ffc1bea4000 	C:\WINDOWS\System32\SHELL32.dll
0x00007ffc15050000 - 0x00007ffc157e2000 	C:\WINDOWS\SYSTEM32\windows.storage.dll
0x00007ffc1c590000 - 0x00007ffc1c8e5000 	C:\WINDOWS\System32\combase.dll
0x00007ffc19d20000 - 0x00007ffc19d50000 	C:\WINDOWS\SYSTEM32\Wldp.dll
0x00007ffc1b2b0000 - 0x00007ffc1b35d000 	C:\WINDOWS\System32\SHCORE.dll
0x00007ffc1b4e0000 - 0x00007ffc1b535000 	C:\WINDOWS\System32\shlwapi.dll
0x00007ffc1a2e0000 - 0x00007ffc1a2ff000 	C:\WINDOWS\SYSTEM32\profapi.dll
0x00007ffc0de80000 - 0x00007ffc0de98000 	C:\Program Files\Java\jdk-15\bin\zip.dll
0x00007ffc11660000 - 0x00007ffc11679000 	C:\Program Files\Java\jdk-15\bin\net.dll
0x00007ffc12150000 - 0x00007ffc1225c000 	C:\WINDOWS\SYSTEM32\WINHTTP.dll
0x00007ffc19a80000 - 0x00007ffc19aea000 	C:\WINDOWS\system32\mswsock.dll
0x00007ffc113f0000 - 0x00007ffc11402000 	C:\Program Files\Java\jdk-15\bin\nio.dll
0x00007ffc0de60000 - 0x00007ffc0de7a000 	C:\Program Files\JetBrains\IntelliJ IDEA 2020.2.3\bin\breakgen64.dll
0x00007ffc0de20000 - 0x00007ffc0de54000 	C:\Users\Home\AppData\Local\Temp\jSerialComm\2.9.3\jSerialComm.dll
0x00007ffc1c070000 - 0x00007ffc1c4d8000 	C:\WINDOWS\System32\SETUPAPI.dll
0x00007ffc1abd0000 - 0x00007ffc1ac1e000 	C:\WINDOWS\System32\cfgmgr32.dll
0x00007ffc1acc0000 - 0x00007ffc1ace7000 	C:\WINDOWS\System32\bcrypt.dll
0x00007ffc1a0e0000 - 0x00007ffc1a10c000 	C:\WINDOWS\SYSTEM32\DEVOBJ.dll
0x00007ffc1ac20000 - 0x00007ffc1ac89000 	C:\WINDOWS\System32\WINTRUST.dll
0x00007ffc1a730000 - 0x00007ffc1a886000 	C:\WINDOWS\System32\CRYPT32.dll
0x00007ffc19f20000 - 0x00007ffc19f32000 	C:\WINDOWS\SYSTEM32\MSASN1.dll
0x00007ffc119e0000 - 0x00007ffc119f0000 	C:\Program Files\Java\jdk-15\bin\verify.dll
0x00007ffc19c70000 - 0x00007ffc19c88000 	C:\WINDOWS\SYSTEM32\CRYPTSP.dll
0x00007ffc193a0000 - 0x00007ffc193d4000 	C:\WINDOWS\system32\rsaenh.dll
0x00007ffc1a260000 - 0x00007ffc1a28e000 	C:\WINDOWS\SYSTEM32\USERENV.dll
0x00007ffc19c90000 - 0x00007ffc19c9c000 	C:\WINDOWS\SYSTEM32\CRYPTBASE.dll
0x00007ffc19770000 - 0x00007ffc197ab000 	C:\WINDOWS\SYSTEM32\IPHLPAPI.DLL
0x00007ffc1c580000 - 0x00007ffc1c588000 	C:\WINDOWS\System32\NSI.dll
0x00007ffc11870000 - 0x00007ffc11887000 	C:\WINDOWS\SYSTEM32\dhcpcsvc6.DLL
0x00007ffc11770000 - 0x00007ffc1178d000 	C:\WINDOWS\SYSTEM32\dhcpcsvc.DLL
0x00007ffc197b0000 - 0x00007ffc1987a000 	C:\WINDOWS\SYSTEM32\DNSAPI.dll
0x00007ffc09b70000 - 0x00007ffc09b99000 	C:\Users\Home\AppData\Local\Temp\BridJExtractedLibraries5947956083575893732\bridj.dll
0x00007ffbf1ee0000 - 0x00007ffbf1f16000 	C:\Users\Home\AppData\Local\Temp\BridJExtractedLibraries5947956083575893732\OpenIMAJGrabber.dll
0x00007ffc1af30000 - 0x00007ffc1b05a000 	C:\WINDOWS\System32\ole32.dll
0x00007ffc1ae60000 - 0x00007ffc1af2d000 	C:\WINDOWS\System32\OLEAUT32.dll
0x00007ffc14890000 - 0x00007ffc1492e000 	C:\WINDOWS\system32\uxtheme.dll
0x00007ffc1ad70000 - 0x00007ffc1ae1f000 	C:\WINDOWS\System32\clbcatq.dll
0x00007ffbffb10000 - 0x00007ffbffb2d000 	C:\Windows\System32\devenum.dll
0x00007ffc194c0000 - 0x00007ffc194f3000 	C:\WINDOWS\SYSTEM32\ntmarta.dll
0x00007ffc0ba20000 - 0x00007ffc0ba2b000 	C:\WINDOWS\SYSTEM32\msdmo.dll
0x00007ffbe1600000 - 0x00007ffbe1780000 	C:\Program Files\Java\jdk-15\bin\awt.dll
0x00007ffc146a0000 - 0x00007ffc14731000 	C:\WINDOWS\SYSTEM32\apphelp.dll
0x00007ffbf1ea0000 - 0x00007ffbf1ed6000 	C:\Windows\System32\qcap.dll
0x00007ffbdbb80000 - 0x00007ffbdbd50000 	C:\Windows\System32\quartz.dll
0x00007ffc1b640000 - 0x00007ffc1b755000 	C:\WINDOWS\System32\MSCTF.dll
0x00007ffbf0db0000 - 0x00007ffbf0dfd000 	C:\Windows\System32\mfksproxy.dll
0x00007ffbff730000 - 0x00007ffbff74d000 	C:\Windows\System32\ATL.DLL
0x00007ffc10b40000 - 0x00007ffc10cfc000 	C:\Windows\System32\MFPlat.DLL
0x00007ffc10b00000 - 0x00007ffc10b34000 	C:\Windows\System32\RTWorkQ.DLL
0x00007ffbb38c0000 - 0x00007ffbb3d4e000 	C:\Windows\System32\MFCORE.dll
0x00007ffc1a160000 - 0x00007ffc1a1ab000 	C:\WINDOWS\SYSTEM32\powrprof.dll
0x00007ffc11060000 - 0x00007ffc11069000 	C:\Windows\System32\ksuser.dll
0x00007ffc1a140000 - 0x00007ffc1a152000 	C:\WINDOWS\SYSTEM32\UMPDC.dll
0x00007ffbef400000 - 0x00007ffbef46d000 	C:\Windows\System32\FrameServerClient.dll
0x00007ffbbea00000 - 0x00007ffbbea67000 	C:\Windows\System32\MFSENSORGROUP.dll
0x00007ffc10a60000 - 0x00007ffc10a6a000 	C:\Windows\System32\AVRT.dll
0x00007ffbfea30000 - 0x00007ffbfea3d000 	C:\Windows\System32\vidcap.ax
0x00007ffbd6ea0000 - 0x00007ffbd6ec7000 	C:\Windows\System32\kswdmcap.ax
0x00007ffbb7280000 - 0x00007ffbb73ec000 	C:\Windows\System32\MFC42.dll
0x00007ffbe4da0000 - 0x00007ffbe4eaa000 	C:\Windows\System32\MFReadWrite.dll
0x00007ffbea160000 - 0x00007ffbea208000 	C:\Windows\System32\qedit.dll
0x00007ffc1beb0000 - 0x00007ffc1bf8a000 	C:\WINDOWS\System32\COMDLG32.dll
0x00007ffbfed60000 - 0x00007ffbfed8b000 	C:\Windows\System32\MSVFW32.dll
0x00007ffbe60b0000 - 0x00007ffbe6255000 	C:\WINDOWS\WinSxS\amd64_microsoft.windows.gdiplus_6595b64144ccf1df_1.1.19041.2251_none_91a40448cc8846c1\gdiplus.dll
0x00007ffbe14e0000 - 0x00007ffbe15db000 	C:\Windows\System32\DDRAW.dll
0x00007ffc18c60000 - 0x00007ffc18d53000 	C:\Windows\System32\dxgi.dll
0x00007ffc0ef50000 - 0x00007ffc0ef59000 	C:\Windows\System32\DCIMAN32.dll
0x00007ffbf7e60000 - 0x00007ffbf7e9b000 	C:\WINDOWS\SYSTEM32\dxcore.dll

dbghelp: loaded successfully - version: 4.0.5 - missing functions: none
symbol engine: initialized successfully - sym options: 0x614 - pdb path: .;C:\Program Files\Java\jdk-15\bin;C:\WINDOWS\SYSTEM32;C:\WINDOWS\WinSxS\amd64_microsoft.windows.common-controls_6595b64144ccf1df_6.0.19041.1110_none_60b5254171f9507e;C:\Program Files\Java\jdk-15\bin\server;C:\Program Files\JetBrains\IntelliJ IDEA 2020.2.3\bin;C:\Users\Home\AppData\Local\Temp\jSerialComm\2.9.3;C:\Users\Home\AppData\Local\Temp\BridJExtractedLibraries5947956083575893732;C:\WINDOWS\WinSxS\amd64_microsoft.windows.gdiplus_6595b64144ccf1df_1.1.19041.2251_none_91a40448cc8846c1

VM Arguments:
jvm_args: -javaagent:C:\Program Files\JetBrains\IntelliJ IDEA 2020.2.3\lib\idea_rt.jar=50679:C:\Program Files\JetBrains\IntelliJ IDEA 2020.2.3\bin -Dfile.encoding=UTF-8 
java_command: com.fdeight.socketchat.Server.Server
java_class_path (initial): C:\Users\Home\Desktop\Socket-chat-master\target\classes;C:\Users\Home\.m2\repository\org\bytedeco\javacv-platform\1.5.8\javacv-platform-1.5.8.jar;C:\Users\Home\.m2\repository\org\bytedeco\javacv\1.5.8\javacv-1.5.8.jar;C:\Users\Home\.m2\repository\org\bytedeco\javacpp\1.5.8\javacpp-1.5.8.jar;C:\Users\Home\.m2\repository\org\bytedeco\openblas\0.3.21-1.5.8\openblas-0.3.21-1.5.8.jar;C:\Users\Home\.m2\repository\org\bytedeco\opencv\4.6.0-1.5.8\opencv-4.6.0-1.5.8.jar;C:\Users\Home\.m2\repository\org\bytedeco\ffmpeg\5.1.2-1.5.8\ffmpeg-5.1.2-1.5.8.jar;C:\Users\Home\.m2\repository\org\bytedeco\flycapture\2.13.3.31-1.5.8\flycapture-2.13.3.31-1.5.8.jar;C:\Users\Home\.m2\repository\org\bytedeco\libdc1394\2.2.6-1.5.8\libdc1394-2.2.6-1.5.8.jar;C:\Users\Home\.m2\repository\org\bytedeco\libfreenect\0.5.7-1.5.8\libfreenect-0.5.7-1.5.8.jar;C:\Users\Home\.m2\repository\org\bytedeco\libfreenect2\0.2.0-1.5.8\libfreenect2-0.2.0-1.5.8.jar;C:\Users\Home\.m2\repository\org\bytedeco\librealsense\1.12.4-1.5.8\librealsense-1.12.4-1.5.8.jar;C:\Users\Home\.m2\repository\org\bytedeco\librealsense2\2.50.0-1.5.8\librealsense2-2.50.0-1.5.8.jar;C:\Users\Home\.m2\repository\org\bytedeco\videoinput\0.200-1.5.8\videoinput-0.200-1.5.8.jar;C:\Users\Home\.m2\repository\org\bytedeco\artoolkitplus\2.3.1-1.5.8\artoolkitplus-2.3.1-1.5.8.jar;C:\Users\Home\.m2\repository\org\bytedeco\flandmark\1.07-1.5.8\flandmark-1.07-1.5.8.jar;C:\Users\Home\.m2\repository\org\bytedeco\leptonica\1.82.0-1.5.8\leptonica-1.82.0-1.5.8.jar;C:\Users\Home\.m2\repository\org\bytedeco\tesseract\5.2.0-1.5.8\tesseract-5.2.0-1.5.8.jar;C:\Users\Home\.m2\repository\org\bytedeco\openblas-platform\0.3.21-1.5.8\openblas-platform-0.3.21-1.5.8.jar;C:\Users\Home\.m2\repository\org\bytedeco\javacpp-platform\1.5.8\javacpp-platform-1.5.8.jar;C:\Users\Home\.m2\repository\org\bytedeco\javacpp\1.5.8\javacpp-1.5.8-android-arm.jar;C:\Users\Home\.m2\repository\org\bytedeco\javacpp\1.5.8\javacpp-1.5.8-android-arm64.jar;C:\Users\
Launcher Type: SUN_STANDARD

[Global flags]
     intx CICompilerCount                          = 4                                         {product} {ergonomic}
     uint ConcGCThreads                            = 2                                         {product} {ergonomic}
     uint G1ConcRefinementThreads                  = 8                                         {product} {ergonomic}
   size_t G1HeapRegionSize                         = 1048576                                   {product} {ergonomic}
    uintx GCDrainStackTargetSize                   = 64                                        {product} {ergonomic}
   size_t InitialHeapSize                          = 132120576                                 {product} {ergonomic}
   size_t MarkStackSize                            = 4194304                                   {product} {ergonomic}
   size_t MaxHeapSize                              = 2095054848                                {product} {ergonomic}
   size_t MaxNewSize                               = 1256194048                                {product} {ergonomic}
   size_t MinHeapDeltaBytes                        = 1048576                                   {product} {ergonomic}
   size_t MinHeapSize                              = 8388608                                   {product} {ergonomic}
    uintx NonNMethodCodeHeapSize                   = 5839372                                {pd product} {ergonomic}
    uintx NonProfiledCodeHeapSize                  = 122909434                              {pd product} {ergonomic}
    uintx ProfiledCodeHeapSize                     = 122909434                              {pd product} {ergonomic}
    uintx ReservedCodeCacheSize                    = 251658240                              {pd product} {ergonomic}
     bool SegmentedCodeCache                       = true                                      {product} {ergonomic}
   size_t SoftMaxHeapSize                          = 2095054848                             {manageable} {ergonomic}
     bool UseCompressedClassPointers               = true                                 {lp64_product} {ergonomic}
     bool UseCompressedOops                        = true                                 {lp64_product} {ergonomic}
     bool UseG1GC                                  = true                                      {product} {ergonomic}
     bool UseLargePagesIndividualAllocation        = false                                  {pd product} {ergonomic}

Logging:
Log output configuration:
 #0: stdout all=warning uptime,level,tags
 #1: stderr all=off uptime,level,tags

Environment Variables:
JAVA_HOME=C:\Program Files\Java\jdk-15
PATH=C:\ProgramData\Oracle\Java\javapath;C:\Program Files\Common Files\Oracle\Java\javapath;C:\WINDOWS\system32;C:\WINDOWS;C:\WINDOWS\System32\Wbem;C:\WINDOWS\System32\WindowsPowerShell\v1.0\;C:\WINDOWS\System32\OpenSSH\;C:\Program Files\maven1\\bin;C:\Program Files\Git\cmd;C:\Users\Home\AppData\Roaming\local\bin;C:\Users\Home\AppData\Local\Microsoft\WindowsApps;C:\Program Files\maven1\\bin;C:\Program Files\JetBrains\IntelliJ IDEA Community Edition 2020.2.3\bin;C:\Program Files\JetBrains\CLion 2020.3.1\bin;C:\Users\Home\go\bin;C:\ghcup\bin;C:\Users\Home\AppData\Local\atom\bin
USERNAME=Home
OS=Windows_NT
PROCESSOR_IDENTIFIER=Intel64 Family 6 Model 142 Stepping 12, GenuineIntel



---------------  S Y S T E M  ---------------

OS:
 Windows 10 , 64 bit Build 19041 (10.0.19041.2364)
OS uptime: 4 days 12:02 hours

CPU: total 8 (initial active 8) (4 cores per cpu, 2 threads per core) family 6 model 142 stepping 12, cmov, cx8, fxsr, mmx, sse, sse2, sse3, ssse3, sse4.1, sse4.2, popcnt, vzeroupper, avx, avx2, aes, clmul, erms, 3dnowpref, lzcnt, ht, tsc, tscinvbit, bmi1, bmi2, adx, fma, clflush, clflushopt

Memory: 4k page, system-wide physical 7990M (523M free)
TotalPageFile size 19367M (AvailPageFile size 6769M)
current process WorkingSet (physical memory assigned to process): 100M, peak: 115M
current process commit charge ("private bytes"): 238M, peak: 262M

vm_info: Java HotSpot(TM) 64-Bit Server VM (15+36-1562) for windows-amd64 JRE (15+36-1562), built on Aug 11 2020 22:38:02 by "mach5one" with unknown MS VC++:1925

END.
